<?xml version="1.0" encoding="UTF-8"?>
<!-- Generated by org.testng.reporters.JUnitXMLReporter -->
<testsuite ignored="0" hostname="HP-PAVILION" failures="1" tests="1" name="Testing titleOfCourseSectionValidations" time="29.044" errors="0" timestamp="2022-08-17T11:53:54 IST">
  <testcase classname="SpiceJet.flightbooking.titleOfCourseSectionValidations" name="validateTitleOfCourseSection" time="0.083">
    <failure type="java.lang.AssertionError" message="expected [FEATURE COURSES] but found [FEATURED COURSES]">
      <![CDATA[java.lang.AssertionError: expected [FEATURE COURSES] but found [FEATURED COURSES]
at SpiceJet.flightbooking.titleOfCourseSectionValidations.validateTitleOfCourseSection(titleOfCourseSectionValidations.java:28)
at java.base/java.util.ArrayList.forEach(ArrayList.java:1541)
at java.base/java.util.concurrent.FutureTask.run(FutureTask.java:264)
at java.base/java.util.concurrent.ThreadPoolExecutor.runWorker(ThreadPoolExecutor.java:1128)
at java.base/java.util.concurrent.ThreadPoolExecutor$Worker.run(ThreadPoolExecutor.java:628)
at java.base/java.lang.Thread.run(Thread.java:834)
... Removed 23 stack frames]]>
    </failure>
  </testcase> <!-- validateTitleOfCourseSection -->
</testsuite> <!-- Testing titleOfCourseSectionValidations -->
