<?xml version="1.0" encoding="UTF-8"?>
<testng-results ignored="0" total="5" passed="4" failed="1" skipped="0">
  <reporter-output>
  </reporter-output>
  <suite started-at="2022-08-17T11:53:25 IST" name="Suite" finished-at="2022-08-17T11:53:54 IST" duration-ms="29044">
    <groups>
    </groups>
    <test started-at="2022-08-17T11:53:25 IST" name="Testing navigation bar" finished-at="2022-08-17T11:53:51 IST" duration-ms="26382">
      <class name="SpiceJet.flightbooking.navigationBarValidation">
        <test-method is-config="true" signature="openBrowser()[pri:0, instance:SpiceJet.flightbooking.navigationBarValidation@2892d68]" started-at="2022-08-17T11:53:25 IST" name="openBrowser" finished-at="2022-08-17T11:53:51 IST" duration-ms="26067" status="PASS">
          <reporter-output>
          </reporter-output>
        </test-method> <!-- openBrowser -->
        <test-method signature="validateNavigationBar()[pri:0, instance:SpiceJet.flightbooking.navigationBarValidation@2892d68]" started-at="2022-08-17T11:53:51 IST" name="validateNavigationBar" finished-at="2022-08-17T11:53:51 IST" duration-ms="137" status="PASS">
          <reporter-output>
          </reporter-output>
        </test-method> <!-- validateNavigationBar -->
        <test-method is-config="true" signature="closeBrowser()[pri:0, instance:SpiceJet.flightbooking.navigationBarValidation@2892d68]" started-at="2022-08-17T11:53:51 IST" name="closeBrowser" finished-at="2022-08-17T11:53:51 IST" duration-ms="147" status="PASS">
          <reporter-output>
          </reporter-output>
        </test-method> <!-- closeBrowser -->
      </class> <!-- SpiceJet.flightbooking.navigationBarValidation -->
    </test> <!-- Testing navigation bar -->
    <test started-at="2022-08-17T11:53:25 IST" name="Testing login feature" finished-at="2022-08-17T11:53:51 IST" duration-ms="26589">
      <class name="SpiceJet.flightbooking.LoginValidations">
        <test-method is-config="true" signature="openBrowser()[pri:0, instance:SpiceJet.flightbooking.LoginValidations@757d6814]" started-at="2022-08-17T11:53:25 IST" name="openBrowser" finished-at="2022-08-17T11:53:50 IST" duration-ms="24839" status="PASS">
          <reporter-output>
          </reporter-output>
        </test-method> <!-- openBrowser -->
        <test-method signature="loginToQaClickAcademy(java.lang.String,java.lang.String,java.lang.String)[pri:0, instance:SpiceJet.flightbooking.LoginValidations@757d6814]" started-at="2022-08-17T11:53:50 IST" name="loginToQaClickAcademy" data-provider="listOfUsers" finished-at="2022-08-17T11:53:50 IST" duration-ms="849" status="PASS">
          <params>
            <param index="0">
              <value>
                <![CDATA[qwe@gmail.com]]>
              </value>
            </param>
            <param index="1">
              <value>
                <![CDATA[qwe123]]>
              </value>
            </param>
            <param index="2">
              <value>
                <![CDATA[1st Data has been validated successfully.]]>
              </value>
            </param>
          </params>
          <reporter-output>
          </reporter-output>
        </test-method> <!-- loginToQaClickAcademy -->
        <test-method signature="loginToQaClickAcademy(java.lang.String,java.lang.String,java.lang.String)[pri:0, instance:SpiceJet.flightbooking.LoginValidations@757d6814]" started-at="2022-08-17T11:53:50 IST" name="loginToQaClickAcademy" data-provider="listOfUsers" finished-at="2022-08-17T11:53:51 IST" duration-ms="633" status="PASS">
          <params>
            <param index="0">
              <value>
                <![CDATA[qwer@gmail.com]]>
              </value>
            </param>
            <param index="1">
              <value>
                <![CDATA[qwer1234]]>
              </value>
            </param>
            <param index="2">
              <value>
                <![CDATA[2nd Data has been validated successfully.]]>
              </value>
            </param>
          </params>
          <reporter-output>
          </reporter-output>
        </test-method> <!-- loginToQaClickAcademy -->
        <test-method is-config="true" signature="closeBrowser()[pri:0, instance:SpiceJet.flightbooking.LoginValidations@757d6814]" started-at="2022-08-17T11:53:51 IST" name="closeBrowser" finished-at="2022-08-17T11:53:51 IST" duration-ms="152" status="PASS">
          <reporter-output>
          </reporter-output>
        </test-method> <!-- closeBrowser -->
      </class> <!-- SpiceJet.flightbooking.LoginValidations -->
    </test> <!-- Testing login feature -->
    <test started-at="2022-08-17T11:53:25 IST" name="Testing home page elements" finished-at="2022-08-17T11:53:53 IST" duration-ms="28032">
      <class name="SpiceJet.flightbooking.homePageValidations">
        <test-method is-config="true" signature="openBrowser()[pri:0, instance:SpiceJet.flightbooking.homePageValidations@3faf2e7d]" started-at="2022-08-17T11:53:25 IST" name="openBrowser" finished-at="2022-08-17T11:53:52 IST" duration-ms="27816" status="PASS">
          <reporter-output>
          </reporter-output>
        </test-method> <!-- openBrowser -->
        <test-method signature="clickOnLogin()[pri:0, instance:SpiceJet.flightbooking.homePageValidations@3faf2e7d]" started-at="2022-08-17T11:53:53 IST" name="clickOnLogin" finished-at="2022-08-17T11:53:53 IST" duration-ms="57" status="PASS">
          <reporter-output>
          </reporter-output>
        </test-method> <!-- clickOnLogin -->
        <test-method is-config="true" signature="closeBrowser()[pri:0, instance:SpiceJet.flightbooking.homePageValidations@3faf2e7d]" started-at="2022-08-17T11:53:53 IST" name="closeBrowser" finished-at="2022-08-17T11:53:53 IST" duration-ms="129" status="PASS">
          <reporter-output>
          </reporter-output>
        </test-method> <!-- closeBrowser -->
      </class> <!-- SpiceJet.flightbooking.homePageValidations -->
    </test> <!-- Testing home page elements -->
    <test started-at="2022-08-17T11:53:25 IST" name="Testing titleOfCourseSectionValidations" finished-at="2022-08-17T11:53:54 IST" duration-ms="29044">
      <class name="SpiceJet.flightbooking.titleOfCourseSectionValidations">
        <test-method is-config="true" signature="openBrowser()[pri:0, instance:SpiceJet.flightbooking.titleOfCourseSectionValidations@eb6449b]" started-at="2022-08-17T11:53:25 IST" name="openBrowser" finished-at="2022-08-17T11:53:53 IST" duration-ms="28036" status="PASS">
          <reporter-output>
          </reporter-output>
        </test-method> <!-- openBrowser -->
        <test-method signature="validateTitleOfCourseSection()[pri:0, instance:SpiceJet.flightbooking.titleOfCourseSectionValidations@eb6449b]" started-at="2022-08-17T11:53:53 IST" name="validateTitleOfCourseSection" finished-at="2022-08-17T11:53:53 IST" duration-ms="83" status="FAIL">
          <exception class="java.lang.AssertionError">
            <message>
              <![CDATA[expected [FEATURE COURSES] but found [FEATURED COURSES]]]>
            </message>
            <full-stacktrace>
              <![CDATA[java.lang.AssertionError: expected [FEATURE COURSES] but found [FEATURED COURSES]
at org.testng.Assert.fail(Assert.java:110)
at org.testng.Assert.failNotEquals(Assert.java:1413)
at org.testng.Assert.assertEqualsImpl(Assert.java:149)
at org.testng.Assert.assertEquals(Assert.java:131)
at org.testng.Assert.assertEquals(Assert.java:655)
at org.testng.Assert.assertEquals(Assert.java:665)
at SpiceJet.flightbooking.titleOfCourseSectionValidations.validateTitleOfCourseSection(titleOfCourseSectionValidations.java:28)
at java.base/jdk.internal.reflect.NativeMethodAccessorImpl.invoke0(Native Method)
at java.base/jdk.internal.reflect.NativeMethodAccessorImpl.invoke(NativeMethodAccessorImpl.java:62)
at java.base/jdk.internal.reflect.DelegatingMethodAccessorImpl.invoke(DelegatingMethodAccessorImpl.java:43)
at java.base/java.lang.reflect.Method.invoke(Method.java:566)
at org.testng.internal.invokers.MethodInvocationHelper.invokeMethod(MethodInvocationHelper.java:139)
at org.testng.internal.invokers.TestInvoker.invokeMethod(TestInvoker.java:677)
at org.testng.internal.invokers.TestInvoker.invokeTestMethod(TestInvoker.java:221)
at org.testng.internal.invokers.MethodRunner.runInSequence(MethodRunner.java:50)
at org.testng.internal.invokers.TestInvoker$MethodInvocationAgent.invoke(TestInvoker.java:962)
at org.testng.internal.invokers.TestInvoker.invokeTestMethods(TestInvoker.java:194)
at org.testng.internal.invokers.TestMethodWorker.invokeTestMethods(TestMethodWorker.java:148)
at org.testng.internal.invokers.TestMethodWorker.run(TestMethodWorker.java:128)
at java.base/java.util.ArrayList.forEach(ArrayList.java:1541)
at org.testng.TestRunner.privateRun(TestRunner.java:806)
at org.testng.TestRunner.run(TestRunner.java:601)
at org.testng.SuiteRunner.runTest(SuiteRunner.java:433)
at org.testng.SuiteRunner$SuiteWorker.run(SuiteRunner.java:471)
at org.testng.internal.thread.ThreadUtil.lambda$execute$0(ThreadUtil.java:58)
at java.base/java.util.concurrent.FutureTask.run(FutureTask.java:264)
at java.base/java.util.concurrent.ThreadPoolExecutor.runWorker(ThreadPoolExecutor.java:1128)
at java.base/java.util.concurrent.ThreadPoolExecutor$Worker.run(ThreadPoolExecutor.java:628)
at java.base/java.lang.Thread.run(Thread.java:834)
]]>
            </full-stacktrace>
          </exception> <!-- java.lang.AssertionError -->
          <reporter-output>
          </reporter-output>
        </test-method> <!-- validateTitleOfCourseSection -->
        <test-method is-config="true" signature="closeBrowser()[pri:0, instance:SpiceJet.flightbooking.titleOfCourseSectionValidations@eb6449b]" started-at="2022-08-17T11:53:54 IST" name="closeBrowser" finished-at="2022-08-17T11:53:54 IST" duration-ms="124" status="PASS">
          <reporter-output>
          </reporter-output>
        </test-method> <!-- closeBrowser -->
      </class> <!-- SpiceJet.flightbooking.titleOfCourseSectionValidations -->
    </test> <!-- Testing titleOfCourseSectionValidations -->
  </suite> <!-- Suite -->
</testng-results>
